<?xml version="1.0" encoding="UTF-8"?>
<!-- Generated by org.testng.reporters.JUnitXMLReporter -->
<testsuite hostname="prashanth" name="Default test" tests="7" failures="0" timestamp="26 Nov 2019 12:36:12 GMT" time="144.267" errors="0">
  <testcase name="loginPageTitleTest" time="0.023" classname="gourmet.qa.testcases.LandingPOSLoginPageTest"/>
  <testcase name="validateKiposLogoTest" time="0.074" classname="gourmet.qa.testcases.LandingPOSLoginPageTest"/>
  <testcase name="validateKiposPOSHeadingTest" time="0.054" classname="gourmet.qa.testcases.LandingPOSLoginPageTest"/>
  <testcase name="validateLoginEmailTxtboxTest" time="0.043" classname="gourmet.qa.testcases.LandingPOSLoginPageTest"/>
  <testcase name="validateLoginPasswordTxtboxTest" time="0.059" classname="gourmet.qa.testcases.LandingPOSLoginPageTest"/>
  <testcase name="validateLoginBtnTest" time="0.051" classname="gourmet.qa.testcases.LandingPOSLoginPageTest"/>
  <testcase name="loginTest" time="0.381" classname="gourmet.qa.testcases.LandingPOSLoginPageTest"/>
</testsuite> <!-- Default test -->
