<?xml version="1.0" encoding="UTF-8"?>
<!-- Generated by org.testng.reporters.JUnitXMLReporter -->
<testsuite hostname="prashanth" name="Command line test" tests="7" failures="0" timestamp="28 Nov 2019 12:12:23 GMT" time="147.97" errors="0">
  <testcase name="loginPageTitleTest" time="0.009" classname="gourmet.qa.testcases.LandingPOSLoginPageTest"/>
  <testcase name="validateKiposLogoTest" time="0.078" classname="gourmet.qa.testcases.LandingPOSLoginPageTest"/>
  <testcase name="validateKiposPOSHeadingTest" time="0.058" classname="gourmet.qa.testcases.LandingPOSLoginPageTest"/>
  <testcase name="validateLoginEmailTxtboxTest" time="0.05" classname="gourmet.qa.testcases.LandingPOSLoginPageTest"/>
  <testcase name="validateLoginPasswordTxtboxTest" time="0.049" classname="gourmet.qa.testcases.LandingPOSLoginPageTest"/>
  <testcase name="validateLoginBtnTest" time="0.053" classname="gourmet.qa.testcases.LandingPOSLoginPageTest"/>
  <testcase name="loginTest" time="0.396" classname="gourmet.qa.testcases.LandingPOSLoginPageTest"/>
</testsuite> <!-- Command line test -->
