<?xml version="1.0" encoding="UTF-8" ?>
<testsuite tests="8" failures="0" name="TestSuite" time="0.688" errors="0" skipped="0">
  <properties>
[...]
</properties>
  <testcase classname="gourmet.qa.testcases.LandingPOSLoginPageTest" name="loginPageTitleTest" time="0.011"/>
  <testcase classname="gourmet.qa.testcases.LandingPOSLoginPageTest" name="validateKiposLogoTest" time="0.076"/>
  <testcase classname="gourmet.qa.testcases.LandingPOSLoginPageTest" name="validateKiposPOSHeadingTest" time="0.057"/>
  <testcase classname="gourmet.qa.testcases.LandingPOSLoginPageTest" name="validateLoginEmailTxtboxTest" time="0.049"/>
  <testcase classname="gourmet.qa.testcases.LandingPOSLoginPageTest" name="validateLoginPasswordTxtboxTest" time="0.049"/>
  <testcase classname="gourmet.qa.testcases.LandingPOSLoginPageTest" name="validateLoginBtnTest" time="0.051"/>
  <testcase classname="gourmet.qa.testcases.LandingPOSLoginPageTest" name="loginTest" time="0.395"/>
  <testcase classname="KiposCollective.Gourmet.AppTest" name="testApp on testApp(KiposCollective.Gourmet.AppTest)" time="0"/>
</testsuite>