<?xml version="1.0" encoding="UTF-8"?>
<!-- Generated by org.testng.reporters.JUnitXMLReporter -->
<testsuite hostname="prashanth" name="Extent report screenshot" tests="7" failures="0" timestamp="27 Nov 2019 09:02:35 GMT" time="166.743" errors="0">
  <testcase name="loginPageTitleTest" time="0.022" classname="gourmet.qa.testcases.LandingPOSLoginPageTest"/>
  <testcase name="validateKiposLogoTest" time="0.076" classname="gourmet.qa.testcases.LandingPOSLoginPageTest"/>
  <testcase name="validateKiposPOSHeadingTest" time="0.052" classname="gourmet.qa.testcases.LandingPOSLoginPageTest"/>
  <testcase name="validateLoginEmailTxtboxTest" time="0.052" classname="gourmet.qa.testcases.LandingPOSLoginPageTest"/>
  <testcase name="validateLoginPasswordTxtboxTest" time="0.063" classname="gourmet.qa.testcases.LandingPOSLoginPageTest"/>
  <testcase name="validateLoginBtnTest" time="0.059" classname="gourmet.qa.testcases.LandingPOSLoginPageTest"/>
  <testcase name="loginTest" time="0.367" classname="gourmet.qa.testcases.LandingPOSLoginPageTest"/>
</testsuite> <!-- Extent report screenshot -->
