<?xml version="1.0" encoding="UTF-8"?>
<!-- Generated by org.testng.reporters.JUnitXMLReporter -->
<testsuite hostname="prashanth" name="Extent report screenshot" tests="7" failures="0" timestamp="30 Nov 2019 09:44:55 GMT" time="164.688" errors="0">
  <testcase name="loginPageTitleTest" time="0.052" classname="gourmet.qa.testcases.LandingPOSLoginPageTest"/>
  <testcase name="validateKiposLogoTest" time="0.101" classname="gourmet.qa.testcases.LandingPOSLoginPageTest"/>
  <testcase name="validateKiposPOSHeadingTest" time="0.055" classname="gourmet.qa.testcases.LandingPOSLoginPageTest"/>
  <testcase name="validateLoginEmailTxtboxTest" time="0.057" classname="gourmet.qa.testcases.LandingPOSLoginPageTest"/>
  <testcase name="validateLoginPasswordTxtboxTest" time="0.049" classname="gourmet.qa.testcases.LandingPOSLoginPageTest"/>
  <testcase name="validateLoginBtnTest" time="0.044" classname="gourmet.qa.testcases.LandingPOSLoginPageTest"/>
  <testcase name="loginTest" time="0.5" classname="gourmet.qa.testcases.LandingPOSLoginPageTest"/>
</testsuite> <!-- Extent report screenshot -->
