<?xml version="1.0" encoding="UTF-8"?>
<testng-results skipped="0" failed="0" total="7" passed="7">
  <reporter-output>
  </reporter-output>
  <suite name="Extent Reports for kipos POS" duration-ms="164688" started-at="2019-11-30T09:42:11Z" finished-at="2019-11-30T09:44:55Z">
    <groups>
      <group name="LandingPOSLoginPage">
        <method signature="LandingPOSLoginPageTest.loginPageTitleTest()[pri:0, instance:gourmet.qa.testcases.LandingPOSLoginPageTest@3532ec19]" name="loginPageTitleTest" class="gourmet.qa.testcases.LandingPOSLoginPageTest"/>
        <method signature="LandingPOSLoginPageTest.validateKiposLogoTest()[pri:0, instance:gourmet.qa.testcases.LandingPOSLoginPageTest@3532ec19]" name="validateKiposLogoTest" class="gourmet.qa.testcases.LandingPOSLoginPageTest"/>
        <method signature="LandingPOSLoginPageTest.validateKiposPOSHeadingTest()[pri:0, instance:gourmet.qa.testcases.LandingPOSLoginPageTest@3532ec19]" name="validateKiposPOSHeadingTest" class="gourmet.qa.testcases.LandingPOSLoginPageTest"/>
      </group> <!-- LandingPOSLoginPage -->
    </groups>
    <test name="Extent report screenshot" duration-ms="164688" started-at="2019-11-30T09:42:11Z" finished-at="2019-11-30T09:44:55Z">
      <class name="gourmet.qa.testcases.LandingPOSLoginPageTest">
        <test-method status="PASS" signature="setUp()[pri:0, instance:gourmet.qa.testcases.LandingPOSLoginPageTest@3532ec19]" name="setUp" is-config="true" duration-ms="27307" started-at="2019-11-30T15:12:11Z" finished-at="2019-11-30T15:12:38Z">
          <reporter-output>
          </reporter-output>
        </test-method> <!-- setUp -->
        <test-method status="PASS" signature="loginPageTitleTest()[pri:0, instance:gourmet.qa.testcases.LandingPOSLoginPageTest@3532ec19]" name="loginPageTitleTest" duration-ms="52" started-at="2019-11-30T15:12:38Z" finished-at="2019-11-30T15:12:38Z">
          <reporter-output>
          </reporter-output>
        </test-method> <!-- loginPageTitleTest -->
        <test-method status="PASS" signature="tearDown()[pri:0, instance:gourmet.qa.testcases.LandingPOSLoginPageTest@3532ec19]" name="tearDown" is-config="true" duration-ms="676" started-at="2019-11-30T15:12:38Z" finished-at="2019-11-30T15:12:39Z">
          <reporter-output>
          </reporter-output>
        </test-method> <!-- tearDown -->
        <test-method status="PASS" signature="setUp()[pri:0, instance:gourmet.qa.testcases.LandingPOSLoginPageTest@3532ec19]" name="setUp" is-config="true" duration-ms="22921" started-at="2019-11-30T15:12:39Z" finished-at="2019-11-30T15:13:02Z">
          <reporter-output>
          </reporter-output>
        </test-method> <!-- setUp -->
        <test-method status="PASS" signature="validateKiposLogoTest()[pri:0, instance:gourmet.qa.testcases.LandingPOSLoginPageTest@3532ec19]" name="validateKiposLogoTest" duration-ms="101" started-at="2019-11-30T15:13:02Z" finished-at="2019-11-30T15:13:02Z">
          <reporter-output>
          </reporter-output>
        </test-method> <!-- validateKiposLogoTest -->
        <test-method status="PASS" signature="tearDown()[pri:0, instance:gourmet.qa.testcases.LandingPOSLoginPageTest@3532ec19]" name="tearDown" is-config="true" duration-ms="647" started-at="2019-11-30T15:13:02Z" finished-at="2019-11-30T15:13:02Z">
          <reporter-output>
          </reporter-output>
        </test-method> <!-- tearDown -->
        <test-method status="PASS" signature="setUp()[pri:0, instance:gourmet.qa.testcases.LandingPOSLoginPageTest@3532ec19]" name="setUp" is-config="true" duration-ms="24468" started-at="2019-11-30T15:13:02Z" finished-at="2019-11-30T15:13:27Z">
          <reporter-output>
          </reporter-output>
        </test-method> <!-- setUp -->
        <test-method status="PASS" signature="validateKiposPOSHeadingTest()[pri:0, instance:gourmet.qa.testcases.LandingPOSLoginPageTest@3532ec19]" name="validateKiposPOSHeadingTest" duration-ms="55" started-at="2019-11-30T15:13:27Z" finished-at="2019-11-30T15:13:27Z">
          <reporter-output>
          </reporter-output>
        </test-method> <!-- validateKiposPOSHeadingTest -->
        <test-method status="PASS" signature="tearDown()[pri:0, instance:gourmet.qa.testcases.LandingPOSLoginPageTest@3532ec19]" name="tearDown" is-config="true" duration-ms="657" started-at="2019-11-30T15:13:27Z" finished-at="2019-11-30T15:13:28Z">
          <reporter-output>
          </reporter-output>
        </test-method> <!-- tearDown -->
        <test-method status="PASS" signature="setUp()[pri:0, instance:gourmet.qa.testcases.LandingPOSLoginPageTest@3532ec19]" name="setUp" is-config="true" duration-ms="21105" started-at="2019-11-30T15:13:28Z" finished-at="2019-11-30T15:13:49Z">
          <reporter-output>
          </reporter-output>
        </test-method> <!-- setUp -->
        <test-method status="PASS" signature="validateLoginEmailTxtboxTest()[pri:0, instance:gourmet.qa.testcases.LandingPOSLoginPageTest@3532ec19]" name="validateLoginEmailTxtboxTest" duration-ms="57" started-at="2019-11-30T15:13:49Z" finished-at="2019-11-30T15:13:49Z">
          <reporter-output>
          </reporter-output>
        </test-method> <!-- validateLoginEmailTxtboxTest -->
        <test-method status="PASS" signature="tearDown()[pri:0, instance:gourmet.qa.testcases.LandingPOSLoginPageTest@3532ec19]" name="tearDown" is-config="true" duration-ms="653" started-at="2019-11-30T15:13:49Z" finished-at="2019-11-30T15:13:49Z">
          <reporter-output>
          </reporter-output>
        </test-method> <!-- tearDown -->
        <test-method status="PASS" signature="setUp()[pri:0, instance:gourmet.qa.testcases.LandingPOSLoginPageTest@3532ec19]" name="setUp" is-config="true" duration-ms="20847" started-at="2019-11-30T15:13:49Z" finished-at="2019-11-30T15:14:10Z">
          <reporter-output>
          </reporter-output>
        </test-method> <!-- setUp -->
        <test-method status="PASS" signature="validateLoginPasswordTxtboxTest()[pri:0, instance:gourmet.qa.testcases.LandingPOSLoginPageTest@3532ec19]" name="validateLoginPasswordTxtboxTest" duration-ms="49" started-at="2019-11-30T15:14:10Z" finished-at="2019-11-30T15:14:10Z">
          <reporter-output>
          </reporter-output>
        </test-method> <!-- validateLoginPasswordTxtboxTest -->
        <test-method status="PASS" signature="tearDown()[pri:0, instance:gourmet.qa.testcases.LandingPOSLoginPageTest@3532ec19]" name="tearDown" is-config="true" duration-ms="663" started-at="2019-11-30T15:14:10Z" finished-at="2019-11-30T15:14:11Z">
          <reporter-output>
          </reporter-output>
        </test-method> <!-- tearDown -->
        <test-method status="PASS" signature="setUp()[pri:0, instance:gourmet.qa.testcases.LandingPOSLoginPageTest@3532ec19]" name="setUp" is-config="true" duration-ms="20429" started-at="2019-11-30T15:14:11Z" finished-at="2019-11-30T15:14:31Z">
          <reporter-output>
          </reporter-output>
        </test-method> <!-- setUp -->
        <test-method status="PASS" signature="validateLoginBtnTest()[pri:0, instance:gourmet.qa.testcases.LandingPOSLoginPageTest@3532ec19]" name="validateLoginBtnTest" duration-ms="44" started-at="2019-11-30T15:14:31Z" finished-at="2019-11-30T15:14:31Z">
          <reporter-output>
          </reporter-output>
        </test-method> <!-- validateLoginBtnTest -->
        <test-method status="PASS" signature="tearDown()[pri:0, instance:gourmet.qa.testcases.LandingPOSLoginPageTest@3532ec19]" name="tearDown" is-config="true" duration-ms="661" started-at="2019-11-30T15:14:31Z" finished-at="2019-11-30T15:14:32Z">
          <reporter-output>
          </reporter-output>
        </test-method> <!-- tearDown -->
        <test-method status="PASS" signature="setUp()[pri:0, instance:gourmet.qa.testcases.LandingPOSLoginPageTest@3532ec19]" name="setUp" is-config="true" duration-ms="22093" started-at="2019-11-30T15:14:32Z" finished-at="2019-11-30T15:14:54Z">
          <reporter-output>
          </reporter-output>
        </test-method> <!-- setUp -->
        <test-method status="PASS" signature="loginTest()[pri:0, instance:gourmet.qa.testcases.LandingPOSLoginPageTest@3532ec19]" name="loginTest" duration-ms="500" started-at="2019-11-30T15:14:54Z" finished-at="2019-11-30T15:14:55Z">
          <reporter-output>
          </reporter-output>
        </test-method> <!-- loginTest -->
        <test-method status="PASS" signature="tearDown()[pri:0, instance:gourmet.qa.testcases.LandingPOSLoginPageTest@3532ec19]" name="tearDown" is-config="true" duration-ms="662" started-at="2019-11-30T15:14:55Z" finished-at="2019-11-30T15:14:55Z">
          <reporter-output>
          </reporter-output>
        </test-method> <!-- tearDown -->
      </class> <!-- gourmet.qa.testcases.LandingPOSLoginPageTest -->
    </test> <!-- Extent report screenshot -->
  </suite> <!-- Extent Reports for kipos POS -->
</testng-results>
